{"target": 34.04744156355181, "params": {"W_d": 2.143407823042613, "W_dp": 1.1084542908190214, "W_dpv": 0.10016012474428285, "W_dv": 0.5232656016845757, "W_p": 0.8191038650038539, "W_pv": 0.2292740326763169, "W_v": 0.6401546129952456, "Y_base": 0.0411004654338743, "tau_d": 0.819030242269201, "tau_p": 0.8616450202010071, "tau_v": 0.8257583543209884}, "datetime": {"datetime": "2025-07-08 11:33:23", "elapsed": 0.0, "delta": 0.0}}
{"target": 63.884996330586254, "params": {"W_d": 4.473864148167487, "W_dp": 0.19885384249596916, "W_dpv": 1.4701423350277554, "W_dv": 0.7208676588942261, "W_p": 4.919789791557122, "W_pv": 0.7980379843792731, "W_v": 2.9389705995425435, "Y_base": 0.046655794394224716, "tau_d": 0.801492960681155, "tau_p": 0.8634513949586349, "tau_v": 0.857196651573312}, "datetime": {"datetime": "2025-07-08 11:36:01", "elapsed": 157.564253, "delta": 157.564253}}
{"target": 34.062003852256616, "params": {"W_d": 1.7358672446879428, "W_dp": 0.1462502546551026, "W_dpv": 0.5639022075127287, "W_dv": 0.37599197208192114, "W_p": 0.8689971655584491, "W_pv": 0.7932555036173672, "W_v": 1.5559304598844421, "Y_base": 0.012515458224459536, "tau_d": 0.7930262231968057, "tau_p": 0.9115239545353165, "tau_v": 0.9062554393029727}, "datetime": {"datetime": "2025-07-08 11:39:53", "elapsed": 390.19884, "delta": 232.634587}}
{"target": 66.65951197215705, "params": {"W_d": 5.0, "W_dp": 1.2088905164907686, "W_dpv": 1.5, "W_dv": 1.5, "W_p": 5.0, "W_pv": 1.5, "W_v": 3.0, "Y_base": 0.1, "tau_d": 0.7, "tau_p": 0.7, "tau_v": 0.7}, "datetime": {"datetime": "2025-07-08 11:42:05", "elapsed": 521.385131, "delta": 131.186291}}
{"target": 25.538601881457044, "params": {"W_d": 5.0, "W_dp": 1.5, "W_dpv": 1.5, "W_dv": 1.5, "W_p": 5.0, "W_pv": 0.1, "W_v": 3.0, "Y_base": 0.01, "tau_d": 1.0, "tau_p": 0.7, "tau_v": 1.0}, "datetime": {"datetime": "2025-07-08 11:45:54", "elapsed": 750.547075, "delta": 229.161944}}
