[{"target": 20.860452657005403, "params": {"W_d": 0.47531980423231657, "W_dp": 1.4686165375401004, "W_dv": 0.10021731215295529, "W_p": 0.3720993153686558, "W_pv": 0.37883619255251477, "W_v": 0.183104735291918, "Y_base": 0.0304886232515438, "tau_d": 0.8036682181129143, "tau_p": 0.819030242269201, "tau_v": 0.8616450202010071}, "datetime": {"datetime": "2025-07-19 14:23:59", "elapsed": 0.0, "delta": 0.0}},
{"target": 63.11041425339642, "params": {"W_d": 1.0, "W_dp": 0.1, "W_dv": 2.0, "W_p": 1.0, "W_pv": 2.0, "W_v": 1.0, "Y_base": 0.026724608620719605, "tau_d": 1.0, "tau_p": 1.0, "tau_v": 0.906463964324605}, "datetime": {"datetime": "2025-07-19 14:26:13", "elapsed": 133.116495, "delta": 133.116495}},
{"target": 63.7814845536218, "params": {"W_d": 0.9866369572160293, "W_dp": 0.1601553648352009, "W_dv": 1.6376425916727368, "W_p": 0.8832435685758687, "W_pv": 1.338799126036437, "W_v": 0.5324415868290143, "Y_base": 0.024679321946808427, "tau_d": 0.8608566360438645, "tau_p": 0.8154689679959682, "tau_v": 0.8912441838781334}, "datetime": {"datetime": "2025-07-19 14:29:11", "elapsed": 311.835531, "delta": 93.074397}},
{"target": 57.06580172240944, "params": {"W_d": 1.0, "W_dp": 0.1, "W_dv": 1.9924403958926415, "W_p": 1.0, "W_pv": 0.38623619788259167, "W_v": 0.1, "Y_base": 0.014120379933894311, "tau_d": 0.7, "tau_p": 0.7, "tau_v": 0.8758205414696298}, "datetime": {"datetime": "2025-07-19 14:30:32", "elapsed": 392.479503, "delta": 80.643972}},
{"target": 68.61309157851107, "params": {"W_d": 1.0, "W_dp": 0.1, "W_dv": 1.3885105053911662, "W_p": 0.17333413178122115, "W_pv": 1.2718045221398302, "W_v": 0.1, "Y_base": 0.12, "tau_d": 0.7, "tau_p": 0.7, "tau_v": 0.7}, "datetime": {"datetime": "2025-07-19 14:34:53", "elapsed": 0.0, "delta": 0.0}},
{"target": 63.241217450136226, "params": {"W_d": 1.0, "W_dp": 0.1, "W_dv": 0.927388886529318, "W_p": 0.8727305305467068, "W_pv": 1.5921553716174623, "W_v": 0.1, "Y_base": 0.12, "tau_d": 0.7, "tau_p": 0.7, "tau_v": 0.7}, "datetime": {"datetime": "2025-07-19 14:36:16", "elapsed": 82.960625, "delta": 82.960625}},
{"target": 72.78976289931573, "params": {"W_d": 0.139058886480889, "W_dp": 0.1, "W_dv": 2.0, "W_p": 0.1, "W_pv": 2.0, "W_v": 0.1, "Y_base": 0.01, "tau_d": 0.7, "tau_p": 0.7, "tau_v": 1.0}, "datetime": {"datetime": "2025-07-19 14:38:10", "elapsed": 196.839767, "delta": 113.879142}},
{"target": 47.74839331103673, "params": {"W_d": 0.1, "W_dp": 0.1, "W_dv": 2.0, "W_p": 0.1, "W_pv": 2.0, "W_v": 1.0, "Y_base": 0.12, "tau_d": 0.7, "tau_p": 0.7, "tau_v": 1.0}, "datetime": {"datetime": "2025-07-19 14:39:42", "elapsed": 288.407799, "delta": 91.568032}},
{"target": 64.16371598092107, "params": {"W_d": 0.7468505201747843, "W_dp": 0.1, "W_dv": 2.0, "W_p": 0.15002418732673115, "W_pv": 2.0, "W_v": 0.1, "Y_base": 0.01, "tau_d": 0.8938217531881654, "tau_p": 0.7013980870570877, "tau_v": 1.0}, "datetime": {"datetime": "2025-07-19 14:40:59", "elapsed": 365.341318, "delta": 76.933519}},
{"target": 64.99137264684357, "params": {"W_d": 0.8310936449897808, "W_dp": 0.26152676711894096, "W_dv": 1.3877368819239166, "W_p": 0.7510723697901824, "W_pv": 1.0859074271752693, "W_v": 0.1170028808161444, "Y_base": 0.10032544101816954, "tau_d": 0.7240473634430334, "tau_p": 0.768135622681539, "tau_v": 0.8257584770013319}, "datetime": {"datetime": "2025-07-19 14:47:55", "elapsed": 79.949393, "delta": 79.949393}},
{"target": 69.55394880597876, "params": {"W_d": 0.9033449260927263, "W_dp": 0.15987506177357816, "W_dv": 1.511413517624484, "W_p": 0.779758123639363, "W_pv": 1.428354488022573, "W_v": 0.5545733526985938, "Y_base": 0.0696810475338347, "tau_d": 0.8650346986415773, "tau_p": 0.9291192059900264, "tau_v": 0.9081941796119927}, "datetime": {"datetime": "2025-07-19 14:49:20", "elapsed": 165.532208, "delta": 85.582815}},
{"target": 81.08960668756725, "params": {"W_d": 0.5378725179334644, "W_dp": 1.4579251229770558, "W_dv": 1.5436319104879914, "W_p": 0.9916136837987057, "W_pv": 1.5751195145272647, "W_v": 0.28388780933666646, "Y_base": 0.04661982408089948, "tau_d": 0.7385887170770916, "tau_p": 0.7062488100647754, "tau_v": 0.9661718103495044}, "datetime": {"datetime": "2025-07-19 14:50:37", "elapsed": 241.760658, "delta": 76.22845}},
{"target": 79.63609184141312, "params": {"W_d": 0.6766997879590021, "W_dp": 1.2931079727611852, "W_dv": 1.5073834783019502, "W_p": 0.9878499897918588, "W_pv": 1.561211007015001, "W_v": 0.34184123300175717, "Y_base": 0.057708729678697716, "tau_d": 0.7667960191958652, "tau_p": 0.7548723763097792, "tau_v": 0.9681100310197114}, "datetime": {"datetime": "2025-07-19 14:52:08", "elapsed": 333.452243, "delta": 91.691585}},
{"target": 77.45404365143095, "params": {"W_d": 0.7216313476088795, "W_dp": 1.5555879347222168, "W_dv": 1.6032371469970519, "W_p": 1.0, "W_pv": 1.7643425218171274, "W_v": 0.3409916778757908, "Y_base": 0.07187003595373748, "tau_d": 0.7677970291427667, "tau_p": 0.7865162169674019, "tau_v": 1.0}, "datetime": {"datetime": "2025-07-19 14:54:07", "elapsed": 0.0, "delta": 0.0}},
{"target": 83.70482533389638, "params": {"W_d": 0.6557110261229989, "W_dp": 1.5489982389822312, "W_dv": 1.661834391297523, "W_p": 1.0, "W_pv": 1.340468616420758, "W_v": 0.4538660096723739, "Y_base": 0.03331922812540701, "tau_d": 0.7, "tau_p": 0.7, "tau_v": 1.0}, "datetime": {"datetime": "2025-07-19 14:55:14", "elapsed": 67.122913, "delta": 67.122913}}
]