{"target": 76.01924107090603, "params": {"W_d": 4.228517846555483, "W_dp": 7.231212485077365, "W_dpv": 0.10113231069171438, "W_dv": 3.0930924690552137, "W_p": 1.5528833190894193, "W_pv": 1.0141520882110984, "W_v": 0.6401546129952456, "Y_base": 0.0411004654338743, "tau_d": 0.819030242269201, "tau_p": 0.8616450202010071, "tau_v": 0.8257583543209884}, "datetime": {"datetime": "2025-07-04 14:46:39", "elapsed": 0.0, "delta": 0.0}}
{"target": 72.69805706109217, "params": {"W_d": 0.44340691808871624, "W_dp": 8.951823745725934, "W_dpv": 5.862983556994122, "W_dv": 6.522775009166291, "W_p": 4.519291271283208, "W_pv": 7.756827936500521, "W_v": 0.1339003119325232, "Y_base": 0.06849795158473058, "tau_d": 0.7927917490213177, "tau_p": 0.7917682921163234, "tau_v": 0.9631056835858649}, "datetime": {"datetime": "2025-07-04 14:48:11", "elapsed": 92.403759, "delta": 92.403759}}
{"target": 46.47817374727227, "params": {"W_d": 3.4051195351858436, "W_dp": 0.42705537220393985, "W_dpv": 3.380451324554296, "W_dv": 2.051657516865014, "W_p": 1.6536881508221726, "W_pv": 5.002306775579954, "W_v": 1.5559304598844421, "Y_base": 0.012515458224459536, "tau_d": 0.7930262231968057, "tau_p": 0.9115239545353165, "tau_v": 0.9062554393029727}, "datetime": {"datetime": "2025-07-04 14:50:28", "elapsed": 229.402512, "delta": 136.998753}}
{"target": 54.29363847959132, "params": {"W_d": 3.1281091938205865, "W_dp": 2.828161197816373, "W_dpv": 4.520262306632034, "W_dv": 1.4001544561019226, "W_p": 5.9968492073128115, "W_pv": 7.4977745243247345, "W_v": 0.3836510729413235, "Y_base": 0.04678138204291486, "tau_d": 0.8414212106312438, "tau_p": 0.9268815678432806, "tau_v": 0.7674512401957975}, "datetime": {"datetime": "2025-07-04 14:52:24", "elapsed": 345.459415, "delta": 116.056903}}
{"target": 81.4808001685665, "params": {"W_d": 3.880669406566562, "W_dp": 9.133214699765515, "W_dpv": 0.1, "W_dv": 3.913085723492746, "W_p": 1.767966270612654, "W_pv": 0.8868556712044746, "W_v": 0.3832925169531592, "Y_base": 0.05097939499496357, "tau_d": 0.8194382676066471, "tau_p": 0.8374314228207724, "tau_v": 0.8324578677639343}, "datetime": {"datetime": "2025-07-04 14:53:44", "elapsed": 425.702186, "delta": 80.242771}}
{"target": 35.25793827022816, "params": {"W_d": 3.0896481236915156, "W_dp": 10.0, "W_dpv": 0.1, "W_dv": 8.11124783101263, "W_p": 2.9028077942067116, "W_pv": 0.1, "W_v": 0.1, "Y_base": 0.1, "tau_d": 0.8459852433820408, "tau_p": 0.7, "tau_v": 0.7841837084748511}, "datetime": {"datetime": "2025-07-04 14:56:33", "elapsed": 594.161952, "delta": 168.459766}}
{"target": 68.23275334524465, "params": {"W_d": 4.075365651331031, "W_dp": 9.08566254666023, "W_dpv": 0.1, "W_dv": 2.775359186365401, "W_p": 1.4592939682988142, "W_pv": 1.100137933155327, "W_v": 0.43825377967440043, "Y_base": 0.03773337452983204, "tau_d": 0.8117494016391291, "tau_p": 0.8749438541616664, "tau_v": 0.8472001017551178}, "datetime": {"datetime": "2025-07-04 15:01:51", "elapsed": 912.825329, "delta": 318.663377}}
{"target": 69.95477130131256, "params": {"W_d": 3.9224159090936475, "W_dp": 8.23474625675492, "W_dpv": 0.10041628710013281, "W_dv": 4.25968041510977, "W_p": 1.8657428375188216, "W_pv": 0.809841768254733, "W_v": 0.472746772057504, "Y_base": 0.05485015079107712, "tau_d": 0.8242830741001503, "tau_p": 0.8246287556125462, "tau_v": 0.8195239642278187}, "datetime": {"datetime": "2025-07-04 15:03:51", "elapsed": 1032.328515, "delta": 119.503186}}
{"target": 71.00534539286369, "params": {"W_d": 3.76692131706206, "W_dp": 9.80277647444433, "W_dpv": 0.1, "W_dv": 4.151113568921806, "W_p": 1.8298334649132164, "W_pv": 0.8509173537701513, "W_v": 0.29507124061101725, "Y_base": 0.05386952438885694, "tau_d": 0.8192391104067166, "tau_p": 0.8305766649811417, "tau_v": 0.8354736802366288}, "datetime": {"datetime": "2025-07-04 15:05:38", "elapsed": 1139.11526, "delta": 106.786745}}
{"target": 71.57533328091398, "params": {"W_d": 4.115777429894296, "W_dp": 9.029223890045778, "W_dpv": 0.1, "W_dv": 3.7305601609939534, "W_p": 1.6348856989198122, "W_pv": 0.3817758980869845, "W_v": 0.39349759540150914, "Y_base": 0.050061208699953896, "tau_d": 0.8219532047907819, "tau_p": 0.8409872973935477, "tau_v": 0.820962732441706}, "datetime": {"datetime": "2025-07-04 15:07:25", "elapsed": 1246.344825, "delta": 107.229565}}
