{"target": 69.69420611894675, "params": {"W_d": 4.228517846555483, "W_dp": 7.231212485077365, "W_dpv": 0.10113231069171438, "W_dv": 3.0930924690552137, "W_p": 1.5528833190894193, "W_pv": 1.0141520882110984, "W_v": 0.6401546129952456, "Y_base": 0.0411004654338743, "tau_d": 0.819030242269201, "tau_p": 0.8616450202010071, "tau_v": 0.8257583543209884}, "datetime": {"datetime": "2025-07-03 16:00:17", "elapsed": 0.0, "delta": 0.0}}
{"target": 76.63517285124196, "params": {"W_d": 0.44340691808871624, "W_dp": 8.951823745725934, "W_dpv": 5.862983556994122, "W_dv": 6.522775009166291, "W_p": 4.519291271283208, "W_pv": 7.756827936500521, "W_v": 0.1339003119325232, "Y_base": 0.06849795158473058, "tau_d": 0.7927917490213177, "tau_p": 0.7917682921163234, "tau_v": 0.9631056835858649}, "datetime": {"datetime": "2025-07-03 16:01:58", "elapsed": 101.52372, "delta": 101.52372}}
{"target": 81.59194314985864, "params": {"W_d": 3.4051195351858436, "W_dp": 0.42705537220393985, "W_dpv": 3.380451324554296, "W_dv": 2.051657516865014, "W_p": 1.6536881508221726, "W_pv": 5.002306775579954, "W_v": 1.5559304598844421, "Y_base": 0.012515458224459536, "tau_d": 0.7930262231968057, "tau_p": 0.9115239545353165, "tau_v": 0.9062554393029727}, "datetime": {"datetime": "2025-07-03 16:03:20", "elapsed": 183.151403, "delta": 81.627683}}
{"target": 71.34426598392349, "params": {"W_d": 3.1281091938205865, "W_dp": 2.828161197816373, "W_dpv": 4.520262306632034, "W_dv": 1.4001544561019226, "W_p": 5.9968492073128115, "W_pv": 7.4977745243247345, "W_v": 0.3836510729413235, "Y_base": 0.04678138204291486, "tau_d": 0.8414212106312438, "tau_p": 0.9268815678432806, "tau_v": 0.7674512401957975}, "datetime": {"datetime": "2025-07-03 16:05:08", "elapsed": 291.403599, "delta": 108.252196}}
{"target": 61.79017836550844, "params": {"W_d": 3.192211244142096, "W_dp": 2.047105943393648, "W_dpv": 3.7738416294618973, "W_dv": 2.585096181054576, "W_p": 0.7968177686496458, "W_pv": 4.848656221849217, "W_v": 1.8048828442068812, "Y_base": 0.01902036867196026, "tau_d": 0.8532194807485363, "tau_p": 0.8307711034722126, "tau_v": 0.7971138710072261}, "datetime": {"datetime": "2025-07-03 16:10:06", "elapsed": 588.764106, "delta": 297.360507}}
{"target": 78.42654212567558, "params": {"W_d": 3.1213845902170965, "W_dp": 1.9745961795949611, "W_dpv": 4.440046331012774, "W_dv": 6.528870474878802, "W_p": 3.6133362979287167, "W_pv": 8.903385161130455, "W_v": 1.074273347514574, "Y_base": 0.09603782924747213, "tau_d": 0.9106293017065248, "tau_p": 0.8289113850625439, "tau_v": 0.790706739673325}, "datetime": {"datetime": "2025-07-03 16:11:24", "elapsed": 667.327778, "delta": 78.563672}}
{"target": 74.25259366942826, "params": {"W_d": 2.816036485953008, "W_dp": 1.706681178745546, "W_dpv": 4.549555986746687, "W_dv": 3.6499239196749014, "W_p": 2.380862878196848, "W_pv": 2.5426511019913107, "W_v": 0.6437317204450896, "Y_base": 0.04421331037503224, "tau_d": 0.8078096158849271, "tau_p": 0.8108360000172736, "tau_v": 0.805360424719733}, "datetime": {"datetime": "2025-07-03 16:12:42", "elapsed": 745.026431, "delta": 77.698653}}
{"target": 70.72574077413185, "params": {"W_d": 3.0314930187824882, "W_dp": 4.9453626102645245, "W_dpv": 6.13560150401161, "W_dv": 0.4517167485538762, "W_p": 9.4451292362066, "W_pv": 7.881028517620858, "W_v": 0.76905615434977, "Y_base": 0.06309458478473172, "tau_d": 0.8664606945339204, "tau_p": 0.7980764076866643, "tau_v": 0.8131220112251125}, "datetime": {"datetime": "2025-07-03 16:14:14", "elapsed": 837.538076, "delta": 92.511645}}
{"target": 66.7281235866383, "params": {"W_d": 7.732806723646597, "W_dp": 9.682349502224902, "W_dpv": 9.669702825853372, "W_dv": 3.244674814301762, "W_p": 3.003029693147845, "W_pv": 4.827447053803979, "W_v": 0.940996392632834, "Y_base": 0.09053007751573262, "tau_d": 0.8560065012635776, "tau_p": 0.9356251395739794, "tau_v": 0.9510973768948479}, "datetime": {"datetime": "2025-07-03 16:15:57", "elapsed": 940.407178, "delta": 102.869102}}
{"target": 75.95704230555452, "params": {"W_d": 7.211558289425532, "W_dp": 2.447100851397008, "W_dpv": 7.414535591359723, "W_dv": 7.370894706916338, "W_p": 9.349597329406263, "W_pv": 1.2379351420052733, "W_v": 2.166588369226062, "Y_base": 0.04723723418175838, "tau_d": 0.7637758921733396, "tau_p": 0.8818213111270659, "tau_v": 0.7150954561442359}, "datetime": {"datetime": "2025-07-03 16:17:13", "elapsed": 1016.01374, "delta": 75.606562}}
{"target": 69.53311543997887, "params": {"W_d": 0.8289675969534489, "W_dp": 2.242453419467934, "W_dpv": 0.8395772929474427, "W_dv": 0.16160829744151486, "W_p": 4.454101557364584, "W_pv": 5.120052535761855, "W_v": 1.1189995828004178, "Y_base": 0.021085706729812533, "tau_d": 0.8810452958689066, "tau_p": 0.7411651919786969, "tau_v": 0.8472117877466567}, "datetime": {"datetime": "2025-07-03 16:18:33", "elapsed": 1095.947454, "delta": 79.933714}}
{"target": 42.83907504911652, "params": {"W_d": 4.384284064664561, "W_dp": 6.944823828982285, "W_dpv": 5.962143956063209, "W_dv": 8.328214285000271, "W_p": 8.977128810152266, "W_pv": 0.155165830756234, "W_v": 2.3890380756917695, "Y_base": 0.08586271125293611, "tau_d": 0.8148186279989393, "tau_p": 0.9992924511550104, "tau_v": 0.7370927307622989}, "datetime": {"datetime": "2025-07-03 16:21:03", "elapsed": 1245.672263, "delta": 149.724809}}
{"target": 81.18784373379036, "params": {"W_d": 6.044217666692763, "W_dp": 6.848194579206462, "W_dpv": 2.186372022429716, "W_dv": 9.359585388307863, "W_p": 2.1708523543413394, "W_pv": 6.029645800407518, "W_v": 0.9324737221960574, "Y_base": 0.05515462639874487, "tau_d": 0.9172164606507309, "tau_p": 0.8797368218536779, "tau_v": 0.8474724995391378}, "datetime": {"datetime": "2025-07-03 16:22:26", "elapsed": 1329.505175, "delta": 83.832912}}
