{"target": 70.37198513465432, "params": {"W_d": 2.143407823042613, "W_dp": 1.1084542908190214, "W_dpv": 0.10016012474428285, "W_dv": 0.5232656016845757, "W_p": 0.8191038650038539, "W_pv": 0.2292740326763169, "W_v": 0.6401546129952456, "Y_base": 0.0411004654338743, "tau_d": 0.819030242269201, "tau_p": 0.8616450202010071, "tau_v": 0.8257583543209884}, "datetime": {"datetime": "2025-07-05 15:01:03", "elapsed": 0.0, "delta": 0.0}}
{"target": 66.63885793379147, "params": {"W_d": 4.473864148167487, "W_dp": 0.19885384249596916, "W_dpv": 1.4701423350277554, "W_dv": 0.7208676588942261, "W_p": 4.919789791557122, "W_pv": 0.7980379843792731, "W_v": 2.9389705995425435, "Y_base": 0.046655794394224716, "tau_d": 0.801492960681155, "tau_p": 0.8634513949586349, "tau_v": 0.857196651573312}, "datetime": {"datetime": "2025-07-05 15:02:19", "elapsed": 76.023766, "delta": 76.023766}}
{"target": 70.9258723292801, "params": {"W_d": 1.7358672446879428, "W_dp": 0.1462502546551026, "W_dpv": 0.5639022075127287, "W_dv": 0.37599197208192114, "W_p": 0.8689971655584491, "W_pv": 0.7932555036173672, "W_v": 1.5559304598844421, "Y_base": 0.012515458224459536, "tau_d": 0.7930262231968057, "tau_p": 0.9115239545353165, "tau_v": 0.9062554393029727}, "datetime": {"datetime": "2025-07-05 15:03:31", "elapsed": 148.121045, "delta": 72.097279}}
{"target": 62.066831870598456, "params": {"W_d": 0.1, "W_dp": 0.1, "W_dpv": 0.343037991024385, "W_dv": 0.1, "W_p": 0.1, "W_pv": 1.1515292209008463, "W_v": 1.3519434124667207, "Y_base": 0.01, "tau_d": 0.771545979895916, "tau_p": 0.9709519151035269, "tau_v": 0.9858692093401749}, "datetime": {"datetime": "2025-07-05 15:05:00", "elapsed": 236.987871, "delta": 88.866826}}
{"target": 64.78296188990797, "params": {"W_d": 1.9108946032588756, "W_dp": 0.4706354278563466, "W_dpv": 0.41322352603026274, "W_dv": 0.4319031661040156, "W_p": 0.8701382819700427, "W_pv": 0.5954107225606412, "W_v": 1.252971920763637, "Y_base": 0.02217895687113339, "tau_d": 0.8022640290374429, "tau_p": 0.8933804907769682, "tau_v": 0.87735388768238}, "datetime": {"datetime": "2025-07-05 15:06:18", "elapsed": 314.787887, "delta": 77.800016}}
{"target": 53.60929945628147, "params": {"W_d": 0.2699690806701727, "W_dp": 1.3517730549511422, "W_dpv": 0.9149673716961384, "W_dv": 1.0082712134174552, "W_p": 2.287325982756336, "W_pv": 1.1827837485960333, "W_v": 0.1339003119325232, "Y_base": 0.06849795158473058, "tau_d": 0.7927917490213177, "tau_p": 0.7917682921163234, "tau_v": 0.9631056835858649}, "datetime": {"datetime": "2025-07-05 16:10:51", "elapsed": 0.0, "delta": 0.0}}
{"target": 64.48640314663864, "params": {"W_d": 2.3267657598237577, "W_dp": 0.7371487665107719, "W_dpv": 1.1548007160882523, "W_dv": 0.9668904839375904, "W_p": 1.4598956741339726, "W_pv": 1.3841540121928908, "W_v": 2.146828975020257, "Y_base": 0.1, "tau_d": 1.0, "tau_p": 1.0, "tau_v": 1.0}, "datetime": {"datetime": "2025-07-05 16:12:14", "elapsed": 82.792111, "delta": 82.792111}}
{"target": 66.00641049961114, "params": {"W_d": 1.5987611161334216, "W_dp": 0.48580057342857796, "W_dpv": 0.7250875989176613, "W_dv": 0.2838602261154234, "W_p": 3.018642536952806, "W_pv": 1.1461499327327909, "W_v": 0.3836510729413235, "Y_base": 0.04678138204291486, "tau_d": 0.8414212106312438, "tau_p": 0.9268815678432806, "tau_v": 0.7674512401957975}, "datetime": {"datetime": "2025-07-05 16:13:24", "elapsed": 152.414456, "delta": 69.622345}}
{"target": 62.089784380899836, "params": {"W_d": 1.9485561932875073, "W_dp": 0.727221005101749, "W_dpv": 0.6835405178758405, "W_dv": 0.4542855056418206, "W_p": 1.384264859486341, "W_pv": 1.1700469017740092, "W_v": 2.413859483413352, "Y_base": 0.03879443086363426, "tau_d": 0.8974630286512238, "tau_p": 0.8671829250814143, "tau_v": 0.9689074243919822}, "datetime": {"datetime": "2025-07-05 16:14:44", "elapsed": 232.422763, "delta": 80.008307}}
{"target": 64.49751707676776, "params": {"W_d": 4.952970947217271, "W_dp": 0.15503505044241112, "W_dpv": 0.40313411011146005, "W_dv": 0.339822957257376, "W_p": 1.635304542464744, "W_pv": 0.9115744551267051, "W_v": 2.243059517804899, "Y_base": 0.02106269325884106, "tau_d": 0.8315799763460062, "tau_p": 0.9496210024156172, "tau_v": 0.8010373953939239}, "datetime": {"datetime": "2025-07-05 16:15:56", "elapsed": 305.353387, "delta": 72.930624}}
{"target": 58.86055040584926, "params": {"W_d": 1.6472395574910388, "W_dp": 0.1, "W_dpv": 0.6055884455261513, "W_dv": 0.34928308968374433, "W_p": 0.8188559843869376, "W_pv": 0.8276131247327951, "W_v": 1.5835661800001715, "Y_base": 0.01, "tau_d": 0.7800141757651426, "tau_p": 0.9232411229397847, "tau_v": 0.9102463704227391}, "datetime": {"datetime": "2025-07-05 16:23:26", "elapsed": 0.0, "delta": 0.0}}
{"target": 60.817072636574416, "params": {"W_d": 1.7360311549158836, "W_dp": 0.146318233945765, "W_dpv": 0.5639492141800561, "W_dv": 0.3760484147654374, "W_p": 0.8692046061458807, "W_pv": 0.7932909931823395, "W_v": 1.5560029746334507, "Y_base": 0.012519851309011742, "tau_d": 0.7930366164992467, "tau_p": 0.9115283974087738, "tau_v": 0.9062601467378303}, "datetime": {"datetime": "2025-07-05 16:24:38", "elapsed": 72.313821, "delta": 72.313821}}
{"target": 78.07832039186101, "params": {"W_d": 1.2451618408836882, "W_dp": 1.3338267439097096, "W_dpv": 1.410544754008526, "W_dv": 1.2717957731894352, "W_p": 4.110314400533621, "W_pv": 0.3659730762551544, "W_v": 0.23070338930718523, "Y_base": 0.04392071343772488, "tau_d": 0.8305639308319046, "tau_p": 0.9697631828955351, "tau_v": 0.8092339678928259}, "datetime": {"datetime": "2025-07-05 16:25:42", "elapsed": 135.52283, "delta": 63.209009}}
{"target": 78.85017620705489, "params": {"W_d": 3.199827729522614, "W_dp": 1.4956142327504978, "W_dpv": 0.2654976915571724, "W_dv": 1.099933500615963, "W_p": 4.378204734793842, "W_pv": 0.8172198864862761, "W_v": 0.7189644159915078, "Y_base": 0.04791154661028711, "tau_d": 0.9293321186805991, "tau_p": 0.833017088952546, "tau_v": 0.9827584159798941}, "datetime": {"datetime": "2025-07-05 16:26:44", "elapsed": 198.512465, "delta": 62.989635}}
{"target": 64.97093490012124, "params": {"W_d": 1.8778790147411777, "W_dp": 1.2246656955714081, "W_dpv": 0.9505355031648688, "W_dv": 0.2407148833774555, "W_p": 0.5657744406168549, "W_pv": 1.473735495407617, "W_v": 2.8134351312812416, "Y_base": 0.03039095716023671, "tau_d": 0.9924335582674717, "tau_p": 0.9703606648459107, "tau_v": 0.7484688459914449}, "datetime": {"datetime": "2025-07-05 16:27:53", "elapsed": 266.922134, "delta": 68.409669}}
{"target": 59.75802408842917, "params": {"W_d": 0.3423435627494463, "W_dp": 0.987563595205774, "W_dpv": 1.2232187129914465, "W_dv": 0.8769005134945927, "W_p": 0.41658000827494224, "W_pv": 0.5391950686518059, "W_v": 1.7877314829875472, "Y_base": 0.09160126773820104, "tau_d": 0.9583725028398197, "tau_p": 0.9368406824051617, "tau_v": 0.8245700188436097}, "datetime": {"datetime": "2025-07-05 16:31:07", "elapsed": 0.0, "delta": 0.0}}
{"target": 65.27375398057089, "params": {"W_d": 2.872920134502535, "W_dp": 0.9262106367575191, "W_dpv": 0.5811101059720303, "W_dv": 0.27168941228089905, "W_p": 4.73364642925106, "W_pv": 1.4882694806177663, "W_v": 0.816212505255484, "Y_base": 0.034269915494897565, "tau_d": 0.7907984284651044, "tau_p": 0.8273395120205937, "tau_v": 0.9950653101424622}, "datetime": {"datetime": "2025-07-05 16:32:32", "elapsed": 85.164112, "delta": 85.164112}}
{"target": 58.43077395100825, "params": {"W_d": 2.2218898257500226, "W_dp": 0.6165617171339115, "W_dpv": 0.5400775677749852, "W_dv": 1.0636688771900233, "W_p": 2.8707634614411885, "W_pv": 0.5202557121395335, "W_v": 1.0648809268627901, "Y_base": 0.01441453151364398, "tau_d": 0.8137306510980158, "tau_p": 0.9871703903288611, "tau_v": 0.7195841226952215}, "datetime": {"datetime": "2025-07-05 16:33:40", "elapsed": 152.943873, "delta": 67.779761}}
{"target": 65.96057527718577, "params": {"W_d": 3.1998296257387304, "W_dp": 1.4956148564032201, "W_dpv": 0.26549918675124634, "W_dv": 1.0999344045327302, "W_p": 4.378205795799563, "W_pv": 0.8172209906957209, "W_v": 0.7189666532194958, "Y_base": 0.04791220404779996, "tau_d": 0.9293327892766182, "tau_p": 0.8330178277653935, "tau_v": 0.9827590487376321}, "datetime": {"datetime": "2025-07-05 16:34:56", "elapsed": 228.485924, "delta": 75.542051}}
{"target": 75.41277302366736, "params": {"W_d": 0.8760698409465371, "W_dp": 1.3678971986333945, "W_dpv": 1.3903015268539165, "W_dv": 1.0877514588573278, "W_p": 4.467627267386138, "W_pv": 1.1982052024922005, "W_v": 0.4379976600715165, "Y_base": 0.09876859877523593, "tau_d": 0.8006582666909915, "tau_p": 0.7043540209626744, "tau_v": 0.7444283234453895}, "datetime": {"datetime": "2025-07-05 16:35:59", "elapsed": 292.04951, "delta": 63.563586}}
